Performing C SOURCE FILE Test CMAKE_HAVE_LIBC_PTHREAD failed with the following output:
Change Dir: /home/t0hfu/CLionProjects/RT-CUDA/src/cmake-build-debug/CMakeFiles/CMakeTmp

Run Build Command(s):/usr/bin/make -f Makefile cmTC_cfdd2/fast && /usr/bin/make  -f CMakeFiles/cmTC_cfdd2.dir/build.make CMakeFiles/cmTC_cfdd2.dir/build
make[1]: ディレクトリ '/home/t0hfu/CLionProjects/RT-CUDA/src/cmake-build-debug/CMakeFiles/CMakeTmp' に入ります
Building C object CMakeFiles/cmTC_cfdd2.dir/src.c.o
/usr/bin/cc -DCMAKE_HAVE_LIBC_PTHREAD  -fPIC  -o CMakeFiles/cmTC_cfdd2.dir/src.c.o -c /home/t0hfu/CLionProjects/RT-CUDA/src/cmake-build-debug/CMakeFiles/CMakeTmp/src.c
Linking C executable cmTC_cfdd2
/home/t0hfu/.local/share/JetBrains/Toolbox/apps/CLion/ch-0/212.5284.51/bin/cmake/linux/bin/cmake -E cmake_link_script CMakeFiles/cmTC_cfdd2.dir/link.txt --verbose=1
/usr/bin/cc -fPIC  CMakeFiles/cmTC_cfdd2.dir/src.c.o -o cmTC_cfdd2 
/usr/bin/ld: CMakeFiles/cmTC_cfdd2.dir/src.c.o: in function `main':
src.c:(.text+0x3e): undefined reference to `pthread_create'
/usr/bin/ld: src.c:(.text+0x4a): undefined reference to `pthread_detach'
/usr/bin/ld: src.c:(.text+0x56): undefined reference to `pthread_cancel'
/usr/bin/ld: src.c:(.text+0x67): undefined reference to `pthread_join'
collect2: エラー: ld はステータス 1 で終了しました
make[1]: *** [CMakeFiles/cmTC_cfdd2.dir/build.make:99: cmTC_cfdd2] エラー 1
make[1]: ディレクトリ '/home/t0hfu/CLionProjects/RT-CUDA/src/cmake-build-debug/CMakeFiles/CMakeTmp' から出ます
make: *** [Makefile:127: cmTC_cfdd2/fast] エラー 2


Source file was:
#include <pthread.h>

static void* test_func(void* data)
{
  return data;
}

int main(void)
{
  pthread_t thread;
  pthread_create(&thread, NULL, test_func, NULL);
  pthread_detach(thread);
  pthread_cancel(thread);
  pthread_join(thread, NULL);
  pthread_atfork(NULL, NULL, NULL);
  pthread_exit(NULL);

  return 0;
}

Determining if the function pthread_create exists in the pthreads failed with the following output:
Change Dir: /home/t0hfu/CLionProjects/RT-CUDA/src/cmake-build-debug/CMakeFiles/CMakeTmp

Run Build Command(s):/usr/bin/make -f Makefile cmTC_b2665/fast && /usr/bin/make  -f CMakeFiles/cmTC_b2665.dir/build.make CMakeFiles/cmTC_b2665.dir/build
make[1]: ディレクトリ '/home/t0hfu/CLionProjects/RT-CUDA/src/cmake-build-debug/CMakeFiles/CMakeTmp' に入ります
Building C object CMakeFiles/cmTC_b2665.dir/CheckFunctionExists.c.o
/usr/bin/cc   -fPIC -DCHECK_FUNCTION_EXISTS=pthread_create -o CMakeFiles/cmTC_b2665.dir/CheckFunctionExists.c.o -c /home/t0hfu/.local/share/JetBrains/Toolbox/apps/CLion/ch-0/212.5284.51/bin/cmake/linux/share/cmake-3.20/Modules/CheckFunctionExists.c
Linking C executable cmTC_b2665
/home/t0hfu/.local/share/JetBrains/Toolbox/apps/CLion/ch-0/212.5284.51/bin/cmake/linux/bin/cmake -E cmake_link_script CMakeFiles/cmTC_b2665.dir/link.txt --verbose=1
/usr/bin/cc -fPIC -DCHECK_FUNCTION_EXISTS=pthread_create CMakeFiles/cmTC_b2665.dir/CheckFunctionExists.c.o -o cmTC_b2665  -lpthreads 
/usr/bin/ld: -lpthreads が見つかりません
collect2: エラー: ld はステータス 1 で終了しました
make[1]: *** [CMakeFiles/cmTC_b2665.dir/build.make:99: cmTC_b2665] エラー 1
make[1]: ディレクトリ '/home/t0hfu/CLionProjects/RT-CUDA/src/cmake-build-debug/CMakeFiles/CMakeTmp' から出ます
make: *** [Makefile:127: cmTC_b2665/fast] エラー 2



